{
  "RSpec": {
    "coverage": {
      "/Users/peter/Dropbox/launchacademy/projects/pick_up_ball/app/models/user.rb": [
        1,
        1,
        1,
        1,
        1,
        null,
        null,
        null,
        1,
        null,
        null
      ],
      "/Users/peter/Dropbox/launchacademy/projects/pick_up_ball/app/helpers/application_helper.rb": [
        1,
        null
      ],
      "/Users/peter/Dropbox/launchacademy/projects/pick_up_ball/app/controllers/application_controller.rb": [
        1,
        null,
        null,
        1,
        null,
        1,
        null,
        1,
        null,
        1,
        14,
        null,
        null
      ],
      "/Users/peter/Dropbox/launchacademy/projects/pick_up_ball/app/controllers/welcome_controller.rb": [
        1,
        1,
        7,
        null,
        null
      ],
      "/Users/peter/Dropbox/launchacademy/projects/pick_up_ball/app/models/game.rb": [
        1,
        1,
        1,
        1,
        1,
        1,
        null,
        1,
        null
      ],
      "/Users/peter/Dropbox/launchacademy/projects/pick_up_ball/app/controllers/locations_controller.rb": [
        1,
        1,
        null,
        1,
        0,
        null,
        null,
        1,
        1,
        null,
        null,
        1,
        7,
        null,
        null,
        1,
        7,
        null,
        7,
        1,
        null,
        6,
        null,
        null,
        null,
        1,
        0,
        null,
        null,
        1,
        0,
        null,
        0,
        0,
        null,
        0,
        null,
        null,
        null,
        1,
        0,
        null,
        0,
        null,
        0,
        null,
        null,
        1,
        null,
        1,
        7,
        null,
        null,
        null
      ],
      "/Users/peter/Dropbox/launchacademy/projects/pick_up_ball/app/models/location.rb": [
        1,
        1,
        1,
        null,
        1,
        null,
        1,
        1,
        1,
        null,
        1,
        0,
        0,
        null,
        0,
        null,
        null,
        null,
        null
      ]
    },
    "timestamp": 1414969581
  }
}
