{
  "RSpec": {
    "coverage": {
      "/Users/peter/Dropbox/launchacademy/projects/pick_up_ball/app/models/user.rb": [
        1,
        1,
        1,
        1,
        1,
        null,
        null,
        null,
        1,
        null,
        null
      ],
      "/Users/peter/Dropbox/launchacademy/projects/pick_up_ball/app/helpers/application_helper.rb": [
        1,
        null
      ],
      "/Users/peter/Dropbox/launchacademy/projects/pick_up_ball/app/models/location.rb": [
        1,
        1,
        1,
        null,
        1,
        null,
        1,
        1,
        1,
        null,
        1,
        0,
        0,
        null,
        0,
        null,
        null,
        null,
        null
      ],
      "/Users/peter/Dropbox/launchacademy/projects/pick_up_ball/app/controllers/application_controller.rb": [
        1,
        null,
        null,
        1,
        null,
        1,
        null,
        1,
        null,
        1,
        26,
        null,
        null
      ],
      "/Users/peter/Dropbox/launchacademy/projects/pick_up_ball/app/controllers/welcome_controller.rb": [
        1,
        1,
        13,
        null,
        null
      ],
      "/Users/peter/Dropbox/launchacademy/projects/pick_up_ball/app/models/game.rb": [
        1,
        1,
        1,
        1,
        1,
        1,
        null,
        1,
        null
      ],
      "/Users/peter/Dropbox/launchacademy/projects/pick_up_ball/app/controllers/games_controller.rb": [
        1,
        1,
        null,
        1,
        0,
        null,
        null,
        1,
        1,
        1,
        1,
        null,
        null,
        1,
        10,
        10,
        null,
        null,
        null,
        1,
        10,
        10,
        10,
        null,
        10,
        1,
        1,
        null,
        9,
        null,
        null,
        null,
        1,
        2,
        2,
        null,
        null,
        1,
        2,
        2,
        null,
        2,
        1,
        null,
        1,
        null,
        null,
        null,
        1,
        1,
        1,
        null,
        1,
        null,
        1,
        null,
        null,
        1,
        null,
        1,
        12,
        null,
        null,
        null,
        null
      ],
      "/Users/peter/Dropbox/launchacademy/projects/pick_up_ball/app/models/player.rb": [
        1,
        1,
        1,
        null,
        1,
        null
      ],
      "/Users/peter/Dropbox/launchacademy/projects/pick_up_ball/app/controllers/locations_controller.rb": [
        1,
        1,
        null,
        1,
        0,
        null,
        null,
        1,
        3,
        null,
        null,
        1,
        0,
        null,
        null,
        1,
        0,
        null,
        0,
        0,
        null,
        0,
        null,
        null,
        null,
        1,
        0,
        null,
        null,
        1,
        0,
        null,
        0,
        0,
        null,
        0,
        null,
        null,
        null,
        1,
        0,
        null,
        0,
        null,
        0,
        null,
        null,
        1,
        null,
        1,
        0,
        null,
        null,
        null
      ],
      "/Users/peter/Dropbox/launchacademy/projects/pick_up_ball/app/models/comment.rb": [
        1,
        1,
        1,
        null,
        1,
        null
      ]
    },
    "timestamp": 1414973811
  }
}
